# JRE version: OpenJDK Runtime Environment Temurin-21.0.11+10 (21.0.11+10) (build 21.0.11+10-LTS)
# Java VM: OpenJDK 64-Bit Server VM Temurin-21.0.11+10 (21.0.11+10-LTS, mixed mode, sharing, tiered, compressed oops, compressed class ptrs, parallel gc, windows-amd64)
GC Precious Log:
 CardTable entry size: 512
 CPUs: 20 total, 20 available
 Memory: 16103M
 Large Page Support: Disabled
 NUMA Support: Disabled
 Compressed Oops: Enabled (32-bit)
 Alignments: Space 512K, Generation 512K, Heap 2M
 Heap Min Capacity: 100M
 Heap Initial Capacity: 100M
 Heap Max Capacity: 2G
 Pre-touch: Disabled
 Parallel Workers: 15
Heap:
 PSYoungGen      total 14848K, used 5425K [0x00000000d5580000, 0x00000000d6600000, 0x0000000100000000)
  eden space 14336K, 34% used [0x00000000d5580000,0x00000000d5a54588,0x00000000d6380000)
  from space 512K, 93% used [0x00000000d6580000,0x00000000d65f8000,0x00000000d6600000)
  to   space 1024K, 0% used [0x00000000d6400000,0x00000000d6400000,0x00000000d6500000)
 ParOldGen       total 68608K, used 58242K [0x0000000080000000, 0x0000000084300000, 0x00000000d5580000)
  object space 68608K, 84% used [0x0000000080000000,0x00000000838e0aa8,0x0000000084300000)
 Metaspace       used 64936K, committed 66368K, reserved 1114112K
  class space    used 6951K, committed 7552K, reserved 1048576K
GC Heap History (20 events):
Event: 51.326 GC heap before
{Heap before GC invocations=62 (full 3):
 PSYoungGen      total 16896K, used 16449K [0x00000000d5580000, 0x00000000d6700000, 0x0000000100000000)
  eden space 15872K, 100% used [0x00000000d5580000,0x00000000d6500000,0x00000000d6500000)
  from space 1024K, 56% used [0x00000000d6600000,0x00000000d66906b0,0x00000000d6700000)
  to   space 1024K, 0% used [0x00000000d6500000,0x00000000d6500000,0x00000000d6600000)
 ParOldGen       total 68608K, used 53971K [0x0000000080000000, 0x0000000084300000, 0x00000000d5580000)
  object space 68608K, 78% used [0x0000000080000000,0x00000000834b4f18,0x0000000084300000)
 Metaspace       used 58748K, committed 60160K, reserved 1114112K
  class space    used 6314K, committed 6912K, reserved 1048576K
}
Event: 51.327 GC heap after
{Heap after GC invocations=62 (full 3):
 PSYoungGen      total 16896K, used 1009K [0x00000000d5580000, 0x00000000d6800000, 0x0000000100000000)
  eden space 15872K, 0% used [0x00000000d5580000,0x00000000d5580000,0x00000000d6500000)
  from space 1024K, 98% used [0x00000000d6500000,0x00000000d65fc6f8,0x00000000d6600000)
  to   space 1536K, 0% used [0x00000000d6680000,0x00000000d6680000,0x00000000d6800000)
 ParOldGen       total 68608K, used 54091K [0x0000000080000000, 0x0000000084300000, 0x00000000d5580000)
  object space 68608K, 78% used [0x0000000080000000,0x00000000834d2f18,0x0000000084300000)
 Metaspace       used 58748K, committed 60160K, reserved 1114112K
  class space    used 6314K, committed 6912K, reserved 1048576K
}
Event: 51.358 GC heap before
{Heap before GC invocations=63 (full 3):
 PSYoungGen      total 16896K, used 16881K [0x00000000d5580000, 0x00000000d6800000, 0x0000000100000000)
  eden space 15872K, 100% used [0x00000000d5580000,0x00000000d6500000,0x00000000d6500000)
  from space 1024K, 98% used [0x00000000d6500000,0x00000000d65fc6f8,0x00000000d6600000)
  to   space 1536K, 0% used [0x00000000d6680000,0x00000000d6680000,0x00000000d6800000)
 ParOldGen       total 68608K, used 54091K [0x0000000080000000, 0x0000000084300000, 0x00000000d5580000)
  object space 68608K, 78% used [0x0000000080000000,0x00000000834d2f18,0x0000000084300000)
 Metaspace       used 58750K, committed 60160K, reserved 1114112K
  class space    used 6314K, committed 6912K, reserved 1048576K
}
Event: 51.359 GC heap after
{Heap after GC invocations=63 (full 3):
 PSYoungGen      total 16896K, used 624K [0x00000000d5580000, 0x00000000d6780000, 0x0000000100000000)
  eden space 15872K, 0% used [0x00000000d5580000,0x00000000d5580000,0x00000000d6500000)
  from space 1024K, 61% used [0x00000000d6680000,0x00000000d671c3d8,0x00000000d6780000)
  to   space 1024K, 0% used [0x00000000d6500000,0x00000000d6500000,0x00000000d6600000)
 ParOldGen       total 68608K, used 54416K [0x0000000080000000, 0x0000000084300000, 0x00000000d5580000)
  object space 68608K, 79% used [0x0000000080000000,0x0000000083524118,0x0000000084300000)
 Metaspace       used 58750K, committed 60160K, reserved 1114112K
  class space    used 6314K, committed 6912K, reserved 1048576K
}
Event: 51.382 GC heap before
{Heap before GC invocations=64 (full 3):
 PSYoungGen      total 16896K, used 16496K [0x00000000d5580000, 0x00000000d6780000, 0x0000000100000000)
  eden space 15872K, 100% used [0x00000000d5580000,0x00000000d6500000,0x00000000d6500000)
  from space 1024K, 61% used [0x00000000d6680000,0x00000000d671c3d8,0x00000000d6780000)
  to   space 1024K, 0% used [0x00000000d6500000,0x00000000d6500000,0x00000000d6600000)
 ParOldGen       total 68608K, used 54416K [0x0000000080000000, 0x0000000084300000, 0x00000000d5580000)
  object space 68608K, 79% used [0x0000000080000000,0x0000000083524118,0x0000000084300000)
 Metaspace       used 58750K, committed 60160K, reserved 1114112K
  class space    used 6314K, committed 6912K, reserved 1048576K
}
Event: 51.383 GC heap after
{Heap after GC invocations=64 (full 3):
 PSYoungGen      total 16896K, used 673K [0x00000000d5580000, 0x00000000d6700000, 0x0000000100000000)
  eden space 15872K, 0% used [0x00000000d5580000,0x00000000d5580000,0x00000000d6500000)
  from space 1024K, 65% used [0x00000000d6500000,0x00000000d65a86b0,0x00000000d6600000)
  to   space 1024K, 0% used [0x00000000d6600000,0x00000000d6600000,0x00000000d6700000)
 ParOldGen       total 68608K, used 54752K [0x0000000080000000, 0x0000000084300000, 0x00000000d5580000)
  object space 68608K, 79% used [0x0000000080000000,0x0000000083578118,0x0000000084300000)
 Metaspace       used 58750K, committed 60160K, reserved 1114112K
  class space    used 6314K, committed 6912K, reserved 1048576K
}
Event: 51.504 GC heap before
{Heap before GC invocations=65 (full 3):
 PSYoungGen      total 16896K, used 16545K [0x00000000d5580000, 0x00000000d6700000, 0x0000000100000000)
  eden space 15872K, 100% used [0x00000000d5580000,0x00000000d6500000,0x00000000d6500000)
  from space 1024K, 65% used [0x00000000d6500000,0x00000000d65a86b0,0x00000000d6600000)
  to   space 1024K, 0% used [0x00000000d6600000,0x00000000d6600000,0x00000000d6700000)
 ParOldGen       total 68608K, used 54752K [0x0000000080000000, 0x0000000084300000, 0x00000000d5580000)
  object space 68608K, 79% used [0x0000000080000000,0x0000000083578118,0x0000000084300000)
 Metaspace       used 59565K, committed 60928K, reserved 1114112K
  class space    used 6412K, committed 6976K, reserved 1048576K
}
Event: 51.505 GC heap after
{Heap after GC invocations=65 (full 3):
 PSYoungGen      total 16896K, used 704K [0x00000000d5580000, 0x00000000d6700000, 0x0000000100000000)
  eden space 15872K, 0% used [0x00000000d5580000,0x00000000d5580000,0x00000000d6500000)
  from space 1024K, 68% used [0x00000000d6600000,0x00000000d66b0000,0x00000000d6700000)
  to   space 1024K, 0% used [0x00000000d6500000,0x00000000d6500000,0x00000000d6600000)
 ParOldGen       total 68608K, used 55056K [0x0000000080000000, 0x0000000084300000, 0x00000000d5580000)
  object space 68608K, 80% used [0x0000000080000000,0x00000000835c4118,0x0000000084300000)
 Metaspace       used 59565K, committed 60928K, reserved 1114112K
  class space    used 6412K, committed 6976K, reserved 1048576K
}
Event: 51.707 GC heap before
{Heap before GC invocations=66 (full 3):
 PSYoungGen      total 16896K, used 16566K [0x00000000d5580000, 0x00000000d6700000, 0x0000000100000000)
  eden space 15872K, 99% used [0x00000000d5580000,0x00000000d64fda00,0x00000000d6500000)
  from space 1024K, 68% used [0x00000000d6600000,0x00000000d66b0000,0x00000000d6700000)
  to   space 1024K, 0% used [0x00000000d6500000,0x00000000d6500000,0x00000000d6600000)
 ParOldGen       total 68608K, used 55056K [0x0000000080000000, 0x0000000084300000, 0x00000000d5580000)
  object space 68608K, 80% used [0x0000000080000000,0x00000000835c4118,0x0000000084300000)
 Metaspace       used 60641K, committed 62016K, reserved 1114112K
  class space    used 6581K, committed 7168K, reserved 1048576K
}
Event: 51.708 GC heap after
{Heap after GC invocations=66 (full 3):
 PSYoungGen      total 16896K, used 700K [0x00000000d5580000, 0x00000000d6700000, 0x0000000100000000)
  eden space 15872K, 0% used [0x00000000d5580000,0x00000000d5580000,0x00000000d6500000)
  from space 1024K, 68% used [0x00000000d6500000,0x00000000d65af280,0x00000000d6600000)
  to   space 1024K, 0% used [0x00000000d6600000,0x00000000d6600000,0x00000000d6700000)
 ParOldGen       total 68608K, used 55507K [0x0000000080000000, 0x0000000084300000, 0x00000000d5580000)
  object space 68608K, 80% used [0x0000000080000000,0x0000000083634df8,0x0000000084300000)
 Metaspace       used 60641K, committed 62016K, reserved 1114112K
  class space    used 6581K, committed 7168K, reserved 1048576K
}
Event: 51.932 GC heap before
{Heap before GC invocations=67 (full 3):
 PSYoungGen      total 16896K, used 16572K [0x00000000d5580000, 0x00000000d6700000, 0x0000000100000000)
  eden space 15872K, 100% used [0x00000000d5580000,0x00000000d6500000,0x00000000d6500000)
  from space 1024K, 68% used [0x00000000d6500000,0x00000000d65af280,0x00000000d6600000)
  to   space 1024K, 0% used [0x00000000d6600000,0x00000000d6600000,0x00000000d6700000)
 ParOldGen       total 68608K, used 55507K [0x0000000080000000, 0x0000000084300000, 0x00000000d5580000)
  object space 68608K, 80% used [0x0000000080000000,0x0000000083634df8,0x0000000084300000)
 Metaspace       used 61534K, committed 62912K, reserved 1114112K
  class space    used 6665K, committed 7232K, reserved 1048576K
}
Event: 51.933 GC heap after
{Heap after GC invocations=67 (full 3):
 PSYoungGen      total 16896K, used 480K [0x00000000d5580000, 0x00000000d6700000, 0x0000000100000000)
  eden space 15872K, 0% used [0x00000000d5580000,0x00000000d5580000,0x00000000d6500000)
  from space 1024K, 46% used [0x00000000d6600000,0x00000000d6678000,0x00000000d6700000)
  to   space 1024K, 0% used [0x00000000d6500000,0x00000000d6500000,0x00000000d6600000)
 ParOldGen       total 68608K, used 55935K [0x0000000080000000, 0x0000000084300000, 0x00000000d5580000)
  object space 68608K, 81% used [0x0000000080000000,0x000000008369fdc8,0x0000000084300000)
 Metaspace       used 61534K, committed 62912K, reserved 1114112K
  class space    used 6665K, committed 7232K, reserved 1048576K
}
Event: 52.301 GC heap before
{Heap before GC invocations=68 (full 3):
 PSYoungGen      total 16896K, used 16352K [0x00000000d5580000, 0x00000000d6700000, 0x0000000100000000)
  eden space 15872K, 100% used [0x00000000d5580000,0x00000000d6500000,0x00000000d6500000)
  from space 1024K, 46% used [0x00000000d6600000,0x00000000d6678000,0x00000000d6700000)
  to   space 1024K, 0% used [0x00000000d6500000,0x00000000d6500000,0x00000000d6600000)
 ParOldGen       total 68608K, used 55935K [0x0000000080000000, 0x0000000084300000, 0x00000000d5580000)
  object space 68608K, 81% used [0x0000000080000000,0x000000008369fdc8,0x0000000084300000)
 Metaspace       used 63295K, committed 64704K, reserved 1114112K
  class space    used 6824K, committed 7424K, reserved 1048576K
}
Event: 52.302 GC heap after
{Heap after GC invocations=68 (full 3):
 PSYoungGen      total 16896K, used 736K [0x00000000d5580000, 0x00000000d6700000, 0x0000000100000000)
  eden space 15872K, 0% used [0x00000000d5580000,0x00000000d5580000,0x00000000d6500000)
  from space 1024K, 71% used [0x00000000d6500000,0x00000000d65b8000,0x00000000d6600000)
  to   space 1024K, 0% used [0x00000000d6600000,0x00000000d6600000,0x00000000d6700000)
 ParOldGen       total 68608K, used 56215K [0x0000000080000000, 0x0000000084300000, 0x00000000d5580000)
  object space 68608K, 81% used [0x0000000080000000,0x00000000836e5dc8,0x0000000084300000)
 Metaspace       used 63295K, committed 64704K, reserved 1114112K
  class space    used 6824K, committed 7424K, reserved 1048576K
}
Event: 52.437 GC heap before
{Heap before GC invocations=69 (full 3):
 PSYoungGen      total 16896K, used 16608K [0x00000000d5580000, 0x00000000d6700000, 0x0000000100000000)
  eden space 15872K, 100% used [0x00000000d5580000,0x00000000d6500000,0x00000000d6500000)
  from space 1024K, 71% used [0x00000000d6500000,0x00000000d65b8000,0x00000000d6600000)
  to   space 1024K, 0% used [0x00000000d6600000,0x00000000d6600000,0x00000000d6700000)
 ParOldGen       total 68608K, used 56215K [0x0000000080000000, 0x0000000084300000, 0x00000000d5580000)
  object space 68608K, 81% used [0x0000000080000000,0x00000000836e5dc8,0x0000000084300000)
 Metaspace       used 63645K, committed 65024K, reserved 1114112K
  class space    used 6850K, committed 7424K, reserved 1048576K
}
Event: 52.439 GC heap after
{Heap after GC invocations=69 (full 3):
 PSYoungGen      total 15360K, used 1015K [0x00000000d5580000, 0x00000000d6a00000, 0x0000000100000000)
  eden space 14336K, 0% used [0x00000000d5580000,0x00000000d5580000,0x00000000d6380000)
  from space 1024K, 99% used [0x00000000d6600000,0x00000000d66fdf60,0x00000000d6700000)
  to   space 2560K, 0% used [0x00000000d6380000,0x00000000d6380000,0x00000000d6600000)
 ParOldGen       total 68608K, used 57405K [0x0000000080000000, 0x0000000084300000, 0x00000000d5580000)
  object space 68608K, 83% used [0x0000000080000000,0x000000008380f458,0x0000000084300000)
 Metaspace       used 63645K, committed 65024K, reserved 1114112K
  class space    used 6850K, committed 7424K, reserved 1048576K
}
Event: 52.474 GC heap before
{Heap before GC invocations=70 (full 3):
 PSYoungGen      total 15360K, used 15351K [0x00000000d5580000, 0x00000000d6a00000, 0x0000000100000000)
  eden space 14336K, 100% used [0x00000000d5580000,0x00000000d6380000,0x00000000d6380000)
  from space 1024K, 99% used [0x00000000d6600000,0x00000000d66fdf60,0x00000000d6700000)
  to   space 2560K, 0% used [0x00000000d6380000,0x00000000d6380000,0x00000000d6600000)
 ParOldGen       total 68608K, used 57405K [0x0000000080000000, 0x0000000084300000, 0x00000000d5580000)
  object space 68608K, 83% used [0x0000000080000000,0x000000008380f458,0x0000000084300000)
 Metaspace       used 63657K, committed 65024K, reserved 1114112K
  class space    used 6850K, committed 7424K, reserved 1048576K
}
Event: 52.475 GC heap after
{Heap after GC invocations=70 (full 3):
 PSYoungGen      total 15872K, used 1387K [0x00000000d5580000, 0x00000000d6780000, 0x0000000100000000)
  eden space 14336K, 0% used [0x00000000d5580000,0x00000000d5580000,0x00000000d6380000)
  from space 1536K, 90% used [0x00000000d6380000,0x00000000d64dace8,0x00000000d6500000)
  to   space 2048K, 0% used [0x00000000d6580000,0x00000000d6580000,0x00000000d6780000)
 ParOldGen       total 68608K, used 58202K [0x0000000080000000, 0x0000000084300000, 0x00000000d5580000)
  object space 68608K, 84% used [0x0000000080000000,0x00000000838d6aa8,0x0000000084300000)
 Metaspace       used 63657K, committed 65024K, reserved 1114112K
  class space    used 6850K, committed 7424K, reserved 1048576K
}
Event: 52.551 GC heap before
{Heap before GC invocations=71 (full 3):
 PSYoungGen      total 15872K, used 15723K [0x00000000d5580000, 0x00000000d6780000, 0x0000000100000000)
  eden space 14336K, 100% used [0x00000000d5580000,0x00000000d6380000,0x00000000d6380000)
  from space 1536K, 90% used [0x00000000d6380000,0x00000000d64dace8,0x00000000d6500000)
  to   space 2048K, 0% used [0x00000000d6580000,0x00000000d6580000,0x00000000d6780000)
 ParOldGen       total 68608K, used 58202K [0x0000000080000000, 0x0000000084300000, 0x00000000d5580000)
  object space 68608K, 84% used [0x0000000080000000,0x00000000838d6aa8,0x0000000084300000)
 Metaspace       used 64798K, committed 66240K, reserved 1114112K
  class space    used 6946K, committed 7552K, reserved 1048576K
}
Event: 52.552 GC heap after
{Heap after GC invocations=71 (full 3):
 PSYoungGen      total 14848K, used 480K [0x00000000d5580000, 0x00000000d6600000, 0x0000000100000000)
  eden space 14336K, 0% used [0x00000000d5580000,0x00000000d5580000,0x00000000d6380000)
  from space 512K, 93% used [0x00000000d6580000,0x00000000d65f8000,0x00000000d6600000)
  to   space 1024K, 0% used [0x00000000d6400000,0x00000000d6400000,0x00000000d6500000)
 ParOldGen       total 68608K, used 58242K [0x0000000080000000, 0x0000000084300000, 0x00000000d5580000)
  object space 68608K, 84% used [0x0000000080000000,0x00000000838e0aa8,0x0000000084300000)
 Metaspace       used 64798K, committed 66240K, reserved 1114112K
  class space    used 6946K, committed 7552K, reserved 1048576K
}

